2022/12/02 12:47:06 [notice] 1#1: using the "epoll" event method
2022/12/02 12:47:06 [notice] 1#1: nginx/1.23.2
2022/12/02 12:47:06 [notice] 1#1: built by gcc 10.2.1 20210110 (Debian 10.2.1-6) 
2022/12/02 12:47:06 [notice] 1#1: OS: Linux 5.10.16.3-microsoft-standard-WSL2
2022/12/02 12:47:06 [notice] 1#1: getrlimit(RLIMIT_NOFILE): 1048576:1048576
2022/12/02 12:47:06 [notice] 1#1: start worker processes
2022/12/02 12:47:06 [notice] 1#1: start worker process 20
2022/12/02 12:47:06 [notice] 1#1: start worker process 21
2022/12/02 12:47:06 [notice] 1#1: start worker process 22
2022/12/02 12:47:06 [notice] 1#1: start worker process 23
2022/12/02 13:00:58 [notice] 1#1: signal 3 (SIGQUIT) received, shutting down
2022/12/02 13:00:58 [notice] 20#20: gracefully shutting down
2022/12/02 13:00:58 [notice] 21#21: gracefully shutting down
2022/12/02 13:00:58 [notice] 22#22: gracefully shutting down
2022/12/02 13:00:58 [notice] 23#23: gracefully shutting down
2022/12/02 13:00:58 [notice] 20#20: exiting
2022/12/02 13:00:58 [notice] 21#21: exiting
2022/12/02 13:00:58 [notice] 22#22: exiting
2022/12/02 13:00:58 [notice] 23#23: exiting
2022/12/02 13:00:58 [notice] 20#20: exit
2022/12/02 13:00:58 [notice] 21#21: exit
2022/12/02 13:00:58 [notice] 22#22: exit
2022/12/02 13:00:58 [notice] 23#23: exit
2022/12/02 13:00:58 [notice] 1#1: signal 17 (SIGCHLD) received from 21
2022/12/02 13:00:58 [notice] 1#1: worker process 21 exited with code 0
2022/12/02 13:00:58 [notice] 1#1: worker process 23 exited with code 0
2022/12/02 13:00:58 [notice] 1#1: signal 29 (SIGIO) received
2022/12/02 13:00:58 [notice] 1#1: signal 17 (SIGCHLD) received from 23
2022/12/02 13:00:58 [notice] 1#1: signal 17 (SIGCHLD) received from 22
2022/12/02 13:00:58 [notice] 1#1: worker process 22 exited with code 0
2022/12/02 13:00:58 [notice] 1#1: signal 29 (SIGIO) received
2022/12/02 13:00:58 [notice] 1#1: signal 17 (SIGCHLD) received from 20
2022/12/02 13:00:58 [notice] 1#1: worker process 20 exited with code 0
2022/12/02 13:00:58 [notice] 1#1: exit
2022/12/02 15:34:51 [emerg] 1#1: unexpected end of file, expecting "}" in /etc/nginx/conf.d/web.conf:27
2022/12/02 15:38:27 [notice] 1#1: using the "epoll" event method
2022/12/02 15:38:27 [notice] 1#1: nginx/1.23.2
2022/12/02 15:38:27 [notice] 1#1: built by gcc 10.2.1 20210110 (Debian 10.2.1-6) 
2022/12/02 15:38:27 [notice] 1#1: OS: Linux 5.10.16.3-microsoft-standard-WSL2
2022/12/02 15:38:27 [notice] 1#1: getrlimit(RLIMIT_NOFILE): 1048576:1048576
2022/12/02 15:38:27 [notice] 1#1: start worker processes
2022/12/02 15:38:27 [notice] 1#1: start worker process 20
2022/12/02 15:38:27 [notice] 1#1: start worker process 21
2022/12/02 15:38:27 [notice] 1#1: start worker process 22
2022/12/02 15:38:27 [notice] 1#1: start worker process 23
2022/12/02 15:51:32 [warn] 20#20: *86 a client request body is buffered to a temporary file /var/cache/nginx/client_temp/0000000001, client: 172.22.0.1, server: , request: "POST /accounts/profile/1/edit/ HTTP/1.1", host: "localhost:81", referrer: "http://localhost:81/accounts/profile/1/edit/"
2022/12/02 15:54:26 [notice] 1#1: signal 3 (SIGQUIT) received, shutting down
2022/12/02 15:54:26 [notice] 22#22: gracefully shutting down
2022/12/02 15:54:26 [notice] 21#21: gracefully shutting down
2022/12/02 15:54:26 [notice] 20#20: gracefully shutting down
2022/12/02 15:54:26 [notice] 23#23: gracefully shutting down
2022/12/02 15:54:26 [notice] 22#22: exiting
2022/12/02 15:54:26 [notice] 21#21: exiting
2022/12/02 15:54:26 [notice] 20#20: exiting
2022/12/02 15:54:26 [notice] 23#23: exiting
2022/12/02 15:54:26 [notice] 22#22: exit
2022/12/02 15:54:26 [notice] 21#21: exit
2022/12/02 15:54:26 [notice] 20#20: exit
2022/12/02 15:54:26 [notice] 23#23: exit
2022/12/02 15:54:26 [notice] 1#1: signal 17 (SIGCHLD) received from 22
2022/12/02 15:54:26 [notice] 1#1: worker process 22 exited with code 0
2022/12/02 15:54:26 [notice] 1#1: worker process 23 exited with code 0
2022/12/02 15:54:26 [notice] 1#1: signal 29 (SIGIO) received
2022/12/02 15:54:26 [notice] 1#1: signal 17 (SIGCHLD) received from 20
2022/12/02 15:54:26 [notice] 1#1: worker process 20 exited with code 0
2022/12/02 15:54:26 [notice] 1#1: signal 29 (SIGIO) received
2022/12/02 15:54:26 [notice] 1#1: signal 17 (SIGCHLD) received from 21
2022/12/02 15:54:26 [notice] 1#1: worker process 21 exited with code 0
2022/12/02 15:54:26 [notice] 1#1: exit
2022/12/02 15:54:32 [notice] 1#1: using the "epoll" event method
2022/12/02 15:54:32 [notice] 1#1: nginx/1.23.2
2022/12/02 15:54:32 [notice] 1#1: built by gcc 10.2.1 20210110 (Debian 10.2.1-6) 
2022/12/02 15:54:32 [notice] 1#1: OS: Linux 5.10.16.3-microsoft-standard-WSL2
2022/12/02 15:54:32 [notice] 1#1: getrlimit(RLIMIT_NOFILE): 1048576:1048576
2022/12/02 15:54:32 [notice] 1#1: start worker processes
2022/12/02 15:54:32 [notice] 1#1: start worker process 20
2022/12/02 15:54:32 [notice] 1#1: start worker process 21
2022/12/02 15:54:32 [notice] 1#1: start worker process 22
2022/12/02 15:54:32 [notice] 1#1: start worker process 23
2022/12/02 15:57:01 [notice] 1#1: signal 3 (SIGQUIT) received, shutting down
2022/12/02 15:57:01 [notice] 20#20: gracefully shutting down
2022/12/02 15:57:01 [notice] 23#23: gracefully shutting down
2022/12/02 15:57:01 [notice] 23#23: exiting
2022/12/02 15:57:01 [notice] 22#22: gracefully shutting down
2022/12/02 15:57:01 [notice] 22#22: exiting
2022/12/02 15:57:01 [notice] 21#21: gracefully shutting down
2022/12/02 15:57:01 [notice] 21#21: exiting
2022/12/02 15:57:01 [notice] 21#21: exit
2022/12/02 15:57:01 [notice] 20#20: exiting
2022/12/02 15:57:01 [notice] 23#23: exit
2022/12/02 15:57:01 [notice] 22#22: exit
2022/12/02 15:57:01 [notice] 20#20: exit
2022/12/02 15:57:01 [notice] 1#1: signal 17 (SIGCHLD) received from 21
2022/12/02 15:57:01 [notice] 1#1: worker process 21 exited with code 0
2022/12/02 15:57:01 [notice] 1#1: signal 29 (SIGIO) received
2022/12/02 15:57:01 [notice] 1#1: signal 17 (SIGCHLD) received from 20
2022/12/02 15:57:01 [notice] 1#1: worker process 20 exited with code 0
2022/12/02 15:57:01 [notice] 1#1: worker process 23 exited with code 0
2022/12/02 15:57:01 [notice] 1#1: signal 29 (SIGIO) received
2022/12/02 15:57:01 [notice] 1#1: signal 17 (SIGCHLD) received from 23
2022/12/02 15:57:01 [notice] 1#1: signal 17 (SIGCHLD) received from 22
2022/12/02 15:57:01 [notice] 1#1: worker process 22 exited with code 0
2022/12/02 15:57:01 [notice] 1#1: exit
2022/12/02 15:57:06 [notice] 1#1: using the "epoll" event method
2022/12/02 15:57:06 [notice] 1#1: nginx/1.23.2
2022/12/02 15:57:06 [notice] 1#1: built by gcc 10.2.1 20210110 (Debian 10.2.1-6) 
2022/12/02 15:57:06 [notice] 1#1: OS: Linux 5.10.16.3-microsoft-standard-WSL2
2022/12/02 15:57:06 [notice] 1#1: getrlimit(RLIMIT_NOFILE): 1048576:1048576
2022/12/02 15:57:06 [notice] 1#1: start worker processes
2022/12/02 15:57:06 [notice] 1#1: start worker process 20
2022/12/02 15:57:06 [notice] 1#1: start worker process 21
2022/12/02 15:57:06 [notice] 1#1: start worker process 22
2022/12/02 15:57:06 [notice] 1#1: start worker process 23
2022/12/02 16:01:17 [warn] 20#20: *43 a client request body is buffered to a temporary file /var/cache/nginx/client_temp/0000000001, client: 172.22.0.1, server: , request: "POST /accounts/profile/1/edit/ HTTP/1.1", host: "localhost:81", referrer: "http://localhost:81/accounts/profile/1/edit/"
2022/12/02 16:03:25 [warn] 21#21: *73 a client request body is buffered to a temporary file /var/cache/nginx/client_temp/0000000002, client: 172.22.0.1, server: , request: "POST /photos/photos/add/ HTTP/1.1", host: "localhost:81", referrer: "http://localhost:81/photos/photos/add/"
2022/12/02 16:10:17 [warn] 21#21: *76 a client request body is buffered to a temporary file /var/cache/nginx/client_temp/0000000003, client: 172.22.0.1, server: , request: "POST /photos/photos/add/ HTTP/1.1", host: "localhost:81", referrer: "http://localhost:81/photos/photos/add/"
2022/12/03 01:56:00 [notice] 1#1: signal 3 (SIGQUIT) received, shutting down
2022/12/03 01:56:00 [notice] 21#21: gracefully shutting down
2022/12/03 01:56:00 [notice] 20#20: gracefully shutting down
2022/12/03 01:56:00 [notice] 23#23: gracefully shutting down
2022/12/03 01:56:00 [notice] 22#22: gracefully shutting down
2022/12/03 01:56:00 [notice] 23#23: exiting
2022/12/03 01:56:00 [notice] 22#22: exiting
2022/12/03 01:56:00 [notice] 21#21: exiting
2022/12/03 01:56:00 [notice] 20#20: exiting
2022/12/03 01:56:00 [notice] 22#22: exit
2022/12/03 01:56:00 [notice] 23#23: exit
2022/12/03 01:56:00 [notice] 21#21: exit
2022/12/03 01:56:00 [notice] 20#20: exit
2022/12/03 01:56:00 [notice] 1#1: signal 17 (SIGCHLD) received from 23
2022/12/03 01:56:00 [notice] 1#1: worker process 23 exited with code 0
2022/12/03 01:56:00 [notice] 1#1: signal 29 (SIGIO) received
2022/12/03 01:56:00 [notice] 1#1: signal 17 (SIGCHLD) received from 20
2022/12/03 01:56:00 [notice] 1#1: worker process 20 exited with code 0
2022/12/03 01:56:00 [notice] 1#1: signal 29 (SIGIO) received
2022/12/03 01:56:00 [notice] 1#1: signal 17 (SIGCHLD) received from 21
2022/12/03 01:56:00 [notice] 1#1: worker process 21 exited with code 0
2022/12/03 01:56:00 [notice] 1#1: signal 29 (SIGIO) received
2022/12/03 01:56:00 [notice] 1#1: signal 17 (SIGCHLD) received from 22
2022/12/03 01:56:00 [notice] 1#1: worker process 22 exited with code 0
2022/12/03 01:56:00 [notice] 1#1: exit
2022/12/03 01:56:07 [notice] 1#1: using the "epoll" event method
2022/12/03 01:56:07 [notice] 1#1: nginx/1.23.2
2022/12/03 01:56:07 [notice] 1#1: built by gcc 10.2.1 20210110 (Debian 10.2.1-6) 
2022/12/03 01:56:07 [notice] 1#1: OS: Linux 5.10.16.3-microsoft-standard-WSL2
2022/12/03 01:56:07 [notice] 1#1: getrlimit(RLIMIT_NOFILE): 1048576:1048576
2022/12/03 01:56:07 [notice] 1#1: start worker processes
2022/12/03 01:56:07 [notice] 1#1: start worker process 21
2022/12/03 01:56:07 [notice] 1#1: start worker process 22
2022/12/03 01:56:07 [notice] 1#1: start worker process 23
2022/12/03 01:56:07 [notice] 1#1: start worker process 24
2022/12/03 01:59:17 [error] 22#22: *1 connect() failed (113: No route to host) while connecting to upstream, client: 172.22.0.1, server: petstagram.website, request: "GET / HTTP/1.1", upstream: "http://172.22.0.3:8000/", host: "localhost:81", referrer: "http://localhost:81/accounts/login/"
2022/12/03 02:35:48 [notice] 1#1: signal 3 (SIGQUIT) received, shutting down
2022/12/03 02:35:48 [notice] 21#21: gracefully shutting down
2022/12/03 02:35:48 [notice] 22#22: gracefully shutting down
2022/12/03 02:35:48 [notice] 23#23: gracefully shutting down
2022/12/03 02:35:48 [notice] 24#24: gracefully shutting down
2022/12/03 02:35:48 [notice] 22#22: exiting
2022/12/03 02:35:48 [notice] 23#23: exiting
2022/12/03 02:35:48 [notice] 21#21: exiting
2022/12/03 02:35:48 [notice] 24#24: exiting
2022/12/03 02:35:48 [notice] 24#24: exit
2022/12/03 02:35:48 [notice] 23#23: exit
2022/12/03 02:35:48 [notice] 22#22: exit
2022/12/03 02:35:48 [notice] 21#21: exit
2022/12/03 02:35:48 [notice] 1#1: signal 17 (SIGCHLD) received from 24
2022/12/03 02:35:48 [notice] 1#1: worker process 24 exited with code 0
2022/12/03 02:35:48 [notice] 1#1: signal 29 (SIGIO) received
2022/12/03 02:35:48 [notice] 1#1: signal 17 (SIGCHLD) received from 21
2022/12/03 02:35:48 [notice] 1#1: worker process 21 exited with code 0
2022/12/03 02:35:48 [notice] 1#1: signal 29 (SIGIO) received
2022/12/03 02:35:48 [notice] 1#1: signal 17 (SIGCHLD) received from 22
2022/12/03 02:35:48 [notice] 1#1: worker process 22 exited with code 0
2022/12/03 02:35:48 [notice] 1#1: signal 29 (SIGIO) received
2022/12/03 02:35:48 [notice] 1#1: signal 17 (SIGCHLD) received from 23
2022/12/03 02:35:48 [notice] 1#1: worker process 23 exited with code 0
2022/12/03 02:35:48 [notice] 1#1: exit
2022/12/03 02:35:55 [notice] 1#1: using the "epoll" event method
2022/12/03 02:35:55 [notice] 1#1: nginx/1.23.2
2022/12/03 02:35:55 [notice] 1#1: built by gcc 10.2.1 20210110 (Debian 10.2.1-6) 
2022/12/03 02:35:55 [notice] 1#1: OS: Linux 5.10.16.3-microsoft-standard-WSL2
2022/12/03 02:35:55 [notice] 1#1: getrlimit(RLIMIT_NOFILE): 1048576:1048576
2022/12/03 02:35:55 [notice] 1#1: start worker processes
2022/12/03 02:35:55 [notice] 1#1: start worker process 20
2022/12/03 02:35:55 [notice] 1#1: start worker process 21
2022/12/03 02:35:55 [notice] 1#1: start worker process 22
2022/12/03 02:35:55 [notice] 1#1: start worker process 23
2022/12/03 02:47:17 [notice] 1#1: signal 3 (SIGQUIT) received, shutting down
2022/12/03 02:47:17 [notice] 20#20: gracefully shutting down
2022/12/03 02:47:17 [notice] 20#20: exiting
2022/12/03 02:47:17 [notice] 23#23: gracefully shutting down
2022/12/03 02:47:17 [notice] 21#21: gracefully shutting down
2022/12/03 02:47:17 [notice] 22#22: gracefully shutting down
2022/12/03 02:47:17 [notice] 23#23: exiting
2022/12/03 02:47:17 [notice] 21#21: exiting
2022/12/03 02:47:17 [notice] 20#20: exit
2022/12/03 02:47:17 [notice] 23#23: exit
2022/12/03 02:47:17 [notice] 22#22: exiting
2022/12/03 02:47:17 [notice] 21#21: exit
2022/12/03 02:47:17 [notice] 22#22: exit
2022/12/03 02:47:17 [notice] 1#1: signal 17 (SIGCHLD) received from 20
2022/12/03 02:47:17 [notice] 1#1: worker process 20 exited with code 0
2022/12/03 02:47:17 [notice] 1#1: worker process 21 exited with code 0
2022/12/03 02:47:17 [notice] 1#1: worker process 22 exited with code 0
2022/12/03 02:47:17 [notice] 1#1: worker process 23 exited with code 0
2022/12/03 02:47:17 [notice] 1#1: exit
2022/12/03 02:47:23 [notice] 1#1: using the "epoll" event method
2022/12/03 02:47:23 [notice] 1#1: nginx/1.23.2
2022/12/03 02:47:23 [notice] 1#1: built by gcc 10.2.1 20210110 (Debian 10.2.1-6) 
2022/12/03 02:47:23 [notice] 1#1: OS: Linux 5.10.16.3-microsoft-standard-WSL2
2022/12/03 02:47:23 [notice] 1#1: getrlimit(RLIMIT_NOFILE): 1048576:1048576
2022/12/03 02:47:23 [notice] 1#1: start worker processes
2022/12/03 02:47:23 [notice] 1#1: start worker process 20
2022/12/03 02:47:23 [notice] 1#1: start worker process 21
2022/12/03 02:47:23 [notice] 1#1: start worker process 22
2022/12/03 02:47:23 [notice] 1#1: start worker process 23
2022/12/03 06:03:31 [notice] 1#1: signal 3 (SIGQUIT) received, shutting down
2022/12/03 06:03:31 [notice] 20#20: gracefully shutting down
2022/12/03 06:03:31 [notice] 22#22: gracefully shutting down
2022/12/03 06:03:31 [notice] 21#21: gracefully shutting down
2022/12/03 06:03:31 [notice] 22#22: exiting
2022/12/03 06:03:31 [notice] 23#23: gracefully shutting down
2022/12/03 06:03:31 [notice] 20#20: exiting
2022/12/03 06:03:31 [notice] 22#22: exit
2022/12/03 06:03:31 [notice] 21#21: exiting
2022/12/03 06:03:31 [notice] 21#21: exit
2022/12/03 06:03:31 [notice] 20#20: exit
2022/12/03 06:03:31 [notice] 23#23: exiting
2022/12/03 06:03:31 [notice] 23#23: exit
2022/12/03 06:03:32 [notice] 1#1: signal 17 (SIGCHLD) received from 22
2022/12/03 06:03:32 [notice] 1#1: worker process 22 exited with code 0
2022/12/03 06:03:32 [notice] 1#1: worker process 23 exited with code 0
2022/12/03 06:03:32 [notice] 1#1: signal 29 (SIGIO) received
2022/12/03 06:03:32 [notice] 1#1: signal 17 (SIGCHLD) received from 23
2022/12/03 06:03:32 [notice] 1#1: worker process 20 exited with code 0
2022/12/03 06:03:32 [notice] 1#1: worker process 21 exited with code 0
2022/12/03 06:03:32 [notice] 1#1: exit
2022/12/03 15:02:29 [notice] 1#1: using the "epoll" event method
2022/12/03 15:02:29 [notice] 1#1: nginx/1.23.2
2022/12/03 15:02:29 [notice] 1#1: built by gcc 10.2.1 20210110 (Debian 10.2.1-6) 
2022/12/03 15:02:29 [notice] 1#1: OS: Linux 5.10.16.3-microsoft-standard-WSL2
2022/12/03 15:02:29 [notice] 1#1: getrlimit(RLIMIT_NOFILE): 1048576:1048576
2022/12/03 15:02:29 [notice] 1#1: start worker processes
2022/12/03 15:02:29 [notice] 1#1: start worker process 20
2022/12/03 15:02:29 [notice] 1#1: start worker process 21
2022/12/03 15:02:29 [notice] 1#1: start worker process 22
2022/12/03 15:02:29 [notice] 1#1: start worker process 23
2022/12/03 15:08:34 [notice] 1#1: signal 3 (SIGQUIT) received, shutting down
2022/12/03 15:08:34 [notice] 20#20: gracefully shutting down
2022/12/03 15:08:34 [notice] 21#21: gracefully shutting down
2022/12/03 15:08:34 [notice] 21#21: exiting
2022/12/03 15:08:34 [notice] 22#22: gracefully shutting down
2022/12/03 15:08:34 [notice] 23#23: gracefully shutting down
2022/12/03 15:08:34 [notice] 20#20: exiting
2022/12/03 15:08:34 [notice] 21#21: exit
2022/12/03 15:08:34 [notice] 22#22: exiting
2022/12/03 15:08:34 [notice] 23#23: exiting
2022/12/03 15:08:34 [notice] 20#20: exit
2022/12/03 15:08:34 [notice] 22#22: exit
2022/12/03 15:08:34 [notice] 23#23: exit
2022/12/03 15:08:34 [notice] 1#1: signal 17 (SIGCHLD) received from 23
2022/12/03 15:08:34 [notice] 1#1: worker process 20 exited with code 0
2022/12/03 15:08:34 [notice] 1#1: worker process 21 exited with code 0
2022/12/03 15:08:34 [notice] 1#1: worker process 22 exited with code 0
2022/12/03 15:08:34 [notice] 1#1: worker process 23 exited with code 0
2022/12/03 15:08:34 [notice] 1#1: exit
2022/12/03 15:08:39 [notice] 1#1: using the "epoll" event method
2022/12/03 15:08:39 [notice] 1#1: nginx/1.23.2
2022/12/03 15:08:39 [notice] 1#1: built by gcc 10.2.1 20210110 (Debian 10.2.1-6) 
2022/12/03 15:08:39 [notice] 1#1: OS: Linux 5.10.16.3-microsoft-standard-WSL2
2022/12/03 15:08:39 [notice] 1#1: getrlimit(RLIMIT_NOFILE): 1048576:1048576
2022/12/03 15:08:39 [notice] 1#1: start worker processes
2022/12/03 15:08:39 [notice] 1#1: start worker process 20
2022/12/03 15:08:39 [notice] 1#1: start worker process 21
2022/12/03 15:08:39 [notice] 1#1: start worker process 22
2022/12/03 15:08:39 [notice] 1#1: start worker process 23
